<?xml version="1.0" encoding="UTF-8"?>
<!-- Generated by org.testng.reporters.JUnitXMLReporter -->
<testsuite ignored="0" hostname="LAPTOP-VJ1GKIP2" failures="0" tests="3" name="Default test" time="23.537" errors="0" timestamp="2021-08-27T19:24:33 IST">
  <testcase classname="com.maventest.DemoTest" name="googleLogo22Test" time="0.009"/>
  <testcase classname="com.maventest.DemoTest" name="googleLogoTest" time="0.524"/>
  <testcase classname="com.maventest.DemoTest" name="googleTitleTest" time="0.247"/>
</testsuite> <!-- Default test -->
