<?xml version="1.0" encoding="UTF-8"?>
<testng-results ignored="0" total="3" passed="3" failed="0" skipped="0">
  <reporter-output>
  </reporter-output>
  <suite started-at="2021-08-27T19:24:09 IST" name="Default suite" finished-at="2021-08-27T19:24:33 IST" duration-ms="23537">
    <groups>
    </groups>
    <test started-at="2021-08-27T19:24:09 IST" name="Default test" finished-at="2021-08-27T19:24:33 IST" duration-ms="23537">
      <class name="com.maventest.DemoTest">
        <test-method is-config="true" signature="setUp()[pri:0, instance:com.maventest.DemoTest@702b8b12]" started-at="2021-08-27T19:24:09 IST" name="setUp" finished-at="2021-08-27T19:24:19 IST" duration-ms="9327" status="PASS">
          <reporter-output>
          </reporter-output>
        </test-method> <!-- setUp -->
        <test-method signature="googleLogo22Test()[pri:0, instance:com.maventest.DemoTest@702b8b12]" started-at="2021-08-27T19:24:19 IST" name="googleLogo22Test" finished-at="2021-08-27T19:24:19 IST" duration-ms="9" status="PASS">
          <reporter-output>
          </reporter-output>
        </test-method> <!-- googleLogo22Test -->
        <test-method is-config="true" signature="tearDown()[pri:0, instance:com.maventest.DemoTest@702b8b12]" started-at="2021-08-27T19:24:19 IST" name="tearDown" finished-at="2021-08-27T19:24:20 IST" duration-ms="779" status="PASS">
          <reporter-output>
          </reporter-output>
        </test-method> <!-- tearDown -->
        <test-method is-config="true" signature="setUp()[pri:0, instance:com.maventest.DemoTest@702b8b12]" started-at="2021-08-27T19:24:20 IST" name="setUp" finished-at="2021-08-27T19:24:25 IST" duration-ms="5544" status="PASS">
          <reporter-output>
          </reporter-output>
        </test-method> <!-- setUp -->
        <test-method signature="googleLogoTest()[pri:0, instance:com.maventest.DemoTest@702b8b12]" started-at="2021-08-27T19:24:25 IST" name="googleLogoTest" finished-at="2021-08-27T19:24:26 IST" duration-ms="524" status="PASS">
          <reporter-output>
          </reporter-output>
        </test-method> <!-- googleLogoTest -->
        <test-method is-config="true" signature="tearDown()[pri:0, instance:com.maventest.DemoTest@702b8b12]" started-at="2021-08-27T19:24:26 IST" name="tearDown" finished-at="2021-08-27T19:24:27 IST" duration-ms="877" status="PASS">
          <reporter-output>
          </reporter-output>
        </test-method> <!-- tearDown -->
        <test-method is-config="true" signature="setUp()[pri:0, instance:com.maventest.DemoTest@702b8b12]" started-at="2021-08-27T19:24:27 IST" name="setUp" finished-at="2021-08-27T19:24:32 IST" duration-ms="5206" status="PASS">
          <reporter-output>
          </reporter-output>
        </test-method> <!-- setUp -->
        <test-method signature="googleTitleTest()[pri:0, instance:com.maventest.DemoTest@702b8b12]" started-at="2021-08-27T19:24:32 IST" name="googleTitleTest" finished-at="2021-08-27T19:24:32 IST" duration-ms="247" status="PASS">
          <reporter-output>
          </reporter-output>
        </test-method> <!-- googleTitleTest -->
        <test-method is-config="true" signature="tearDown()[pri:0, instance:com.maventest.DemoTest@702b8b12]" started-at="2021-08-27T19:24:32 IST" name="tearDown" finished-at="2021-08-27T19:24:33 IST" duration-ms="935" status="PASS">
          <reporter-output>
          </reporter-output>
        </test-method> <!-- tearDown -->
      </class> <!-- com.maventest.DemoTest -->
    </test> <!-- Default test -->
  </suite> <!-- Default suite -->
</testng-results>
